2025-05-09 23:54:00 INFO  Application:53 - Starting Application using Java 23.0.2 with PID 25344 (C:\Users\YouRekt\Desktop\Projects\ASaA\SmartHomeTest\target\classes started by YouRekt in C:\Users\YouRekt\Desktop\Projects\ASaA\SmartHomeTest)
2025-05-09 23:54:00 INFO  Application:652 - No active profile set, falling back to 1 default profile: "default"
2025-05-09 23:54:00 INFO  TomcatWebServer:111 - Tomcat initialized with port 8080 (http)
2025-05-09 23:54:00 INFO  Http11NioProtocol:168 - Initializing ProtocolHandler ["http-nio-8080"]
2025-05-09 23:54:00 INFO  StandardService:168 - Starting service [Tomcat]
2025-05-09 23:54:00 INFO  StandardEngine:168 - Starting Servlet engine: [Apache Tomcat/10.1.40]
2025-05-09 23:54:00 INFO  [/]:168 - Initializing Spring embedded WebApplicationContext
2025-05-09 23:54:00 INFO  ServletWebServerApplicationContext:301 - Root WebApplicationContext: initialization completed in 630 ms
2025-05-09 23:54:01 INFO  EndpointLinksResolver:60 - Exposing 1 endpoint beneath base path '/actuator'
2025-05-09 23:54:01 INFO  Http11NioProtocol:168 - Starting ProtocolHandler ["http-nio-8080"]
2025-05-09 23:54:01 INFO  TomcatWebServer:243 - Tomcat started on port 8080 (http) with context path '/'
2025-05-09 23:54:01 INFO  Application:59 - Started Application in 1.333 seconds (process running for 1.96)
2025-05-09 23:54:01 INFO  [/]:168 - Initializing Spring DispatcherServlet 'dispatcherServlet'
2025-05-09 23:54:01 INFO  DispatcherServlet:532 - Initializing Servlet 'dispatcherServlet'
2025-05-09 23:54:01 INFO  DispatcherServlet:554 - Completed initialization in 1 ms
2025-05-09 23:54:14 INFO  Runtime:243 - ----------------------------------
    This is JADE 4.6.0  - revision UNKNOWN of UNKNOWN
    downloaded in Open Source, under LGPL restrictions,
    at http://jade.tilab.com/
----------------------------------------
2025-05-09 23:54:14 INFO  LEAPIMTPManager:149 - Listening for intra-platform commands on address:
- jicp://192.168.0.30:1099

2025-05-09 23:54:14 INFO  AgentManagement:59 - Service jade.core.management.AgentManagement initialized
2025-05-09 23:54:14 INFO  Messaging:59 - Service jade.core.messaging.Messaging initialized
2025-05-09 23:54:14 INFO  ResourceManagement:59 - Service jade.core.resource.ResourceManagement initialized
2025-05-09 23:54:14 INFO  AgentMobility:59 - Service jade.core.mobility.AgentMobility initialized
2025-05-09 23:54:14 INFO  Notification:59 - Service jade.core.event.Notification initialized
2025-05-09 23:54:14 INFO  AgentContainerImpl:543 - --------------------------------------
Agent container Main-Container@192.168.0.30 is ready.
--------------------------------------------
2025-05-09 23:54:14 INFO  Coordinator:28 - Initialized
2025-05-09 23:54:14 INFO  Scheduler:27 - Initialized
2025-05-09 23:54:14 INFO  AC:31 - Initialized in area: kitchen
2025-05-09 23:54:14 INFO  Temperature Sensor:31 - Initialized in area: kitchen
2025-05-09 23:54:14 INFO  Motion Sensor:31 - Initialized in area: kitchen
2025-05-09 23:54:14 INFO  Smart Lightbulb:31 - Initialized in area: kitchen
2025-05-09 23:54:16 INFO  EnvironmentService:62 - Human entered the kitchen
2025-05-09 23:54:16 INFO  Scheduler:42 - Found coordinator agent Coordinator
2025-05-09 23:54:16 INFO  Motion Sensor:62 - I have been triggered!
2025-05-09 23:54:16 INFO  ScheduleLoopBehaviour:96 - Morning schedule started, message sent to coordinator
2025-05-09 23:54:19 INFO  EnvironmentService:57 - Kitchen temperature updated to: 22,81 °C
2025-05-09 23:54:24 INFO  Temperature Sensor:28 - Responding to AC's request
2025-05-09 23:54:25 INFO  Temperature Sensor:28 - Responding to AC's request
2025-05-09 23:54:26 INFO  EnvironmentService:62 - Human left the kitchen
2025-05-09 23:54:26 INFO  Motion Sensor:62 - I have been triggered!
2025-05-09 23:54:26 INFO  Temperature Sensor:28 - Responding to AC's request
2025-05-09 23:54:27 INFO  Temperature Sensor:28 - Responding to AC's request
2025-05-09 23:54:28 INFO  Temperature Sensor:28 - Responding to AC's request
2025-05-09 23:54:29 INFO  Temperature Sensor:28 - Responding to AC's request
2025-05-09 23:54:30 INFO  Temperature Sensor:28 - Responding to AC's request
2025-05-09 23:54:31 INFO  Temperature Sensor:28 - Responding to AC's request
2025-05-09 23:54:32 INFO  Temperature Sensor:28 - Responding to AC's request
2025-05-09 23:54:33 INFO  Temperature Sensor:28 - Responding to AC's request
2025-05-09 23:54:34 INFO  Temperature Sensor:28 - Responding to AC's request
2025-05-09 23:54:35 INFO  Temperature Sensor:28 - Responding to AC's request
2025-05-09 23:54:36 INFO  Temperature Sensor:28 - Responding to AC's request
2025-05-09 23:54:37 INFO  Temperature Sensor:28 - Responding to AC's request
2025-05-09 23:54:38 INFO  Temperature Sensor:28 - Responding to AC's request
2025-05-09 23:54:39 INFO  Temperature Sensor:28 - Responding to AC's request
2025-05-09 23:54:40 INFO  EnvironmentService:62 - Human entered the kitchen
2025-05-09 23:54:40 INFO  Motion Sensor:62 - I have been triggered!
2025-05-09 23:54:40 INFO  Temperature Sensor:28 - Responding to AC's request
2025-05-09 23:54:41 INFO  Temperature Sensor:28 - Responding to AC's request
2025-05-09 23:54:42 INFO  Temperature Sensor:28 - Responding to AC's request
2025-05-09 23:54:43 INFO  Temperature Sensor:28 - Responding to AC's request
2025-05-09 23:54:43 INFO  AC:49 - Finished cooling
2025-05-09 23:54:44 INFO  EnvironmentService:62 - Human left the kitchen
2025-05-09 23:54:44 INFO  Temperature Sensor:28 - Responding to AC's request
2025-05-09 23:54:44 INFO  Motion Sensor:62 - I have been triggered!
2025-05-09 23:54:44 INFO  ScheduleLoopBehaviour:74 - Kitchen temperature updated to: 24,01 °C
2025-05-09 23:54:49 INFO  EnvironmentService:57 - Kitchen temperature updated to: 23,50 °C
2025-05-09 23:54:54 INFO  Temperature Sensor:28 - Responding to AC's request
2025-05-09 23:54:55 INFO  Temperature Sensor:28 - Responding to AC's request
2025-05-09 23:54:56 INFO  Temperature Sensor:28 - Responding to AC's request
2025-05-09 23:54:57 INFO  Temperature Sensor:28 - Responding to AC's request
2025-05-09 23:54:58 INFO  Temperature Sensor:28 - Responding to AC's request
2025-05-09 23:54:59 INFO  EnvironmentService:62 - Human entered the kitchen
2025-05-09 23:54:59 INFO  Motion Sensor:62 - I have been triggered!
2025-05-09 23:54:59 INFO  Temperature Sensor:28 - Responding to AC's request
2025-05-09 23:55:00 INFO  Temperature Sensor:28 - Responding to AC's request
2025-05-09 23:55:01 INFO  Temperature Sensor:28 - Responding to AC's request
2025-05-09 23:55:01 INFO  GracefulShutdown:54 - Commencing graceful shutdown. Waiting for active requests to complete
2025-05-09 23:55:01 INFO  GracefulShutdown:76 - Graceful shutdown complete
2025-05-09 23:55:40 INFO  Application:53 - Starting Application using Java 23.0.2 with PID 47344 (C:\Users\YouRekt\Desktop\Projects\ASaA\SmartHomeTest\target\classes started by YouRekt in C:\Users\YouRekt\Desktop\Projects\ASaA\SmartHomeTest)
2025-05-09 23:55:40 INFO  Application:652 - No active profile set, falling back to 1 default profile: "default"
2025-05-09 23:55:40 INFO  TomcatWebServer:111 - Tomcat initialized with port 8080 (http)
2025-05-09 23:55:40 INFO  Http11NioProtocol:168 - Initializing ProtocolHandler ["http-nio-8080"]
2025-05-09 23:55:40 INFO  StandardService:168 - Starting service [Tomcat]
2025-05-09 23:55:40 INFO  StandardEngine:168 - Starting Servlet engine: [Apache Tomcat/10.1.40]
2025-05-09 23:55:40 INFO  [/]:168 - Initializing Spring embedded WebApplicationContext
2025-05-09 23:55:40 INFO  ServletWebServerApplicationContext:301 - Root WebApplicationContext: initialization completed in 635 ms
2025-05-09 23:55:41 INFO  EndpointLinksResolver:60 - Exposing 1 endpoint beneath base path '/actuator'
2025-05-09 23:55:41 INFO  Http11NioProtocol:168 - Starting ProtocolHandler ["http-nio-8080"]
2025-05-09 23:55:41 INFO  TomcatWebServer:243 - Tomcat started on port 8080 (http) with context path '/'
2025-05-09 23:55:41 INFO  Application:59 - Started Application in 1.321 seconds (process running for 1.962)
2025-05-09 23:55:41 INFO  [/]:168 - Initializing Spring DispatcherServlet 'dispatcherServlet'
2025-05-09 23:55:41 INFO  DispatcherServlet:532 - Initializing Servlet 'dispatcherServlet'
2025-05-09 23:55:41 INFO  DispatcherServlet:554 - Completed initialization in 1 ms
2025-05-09 23:55:44 INFO  Runtime:243 - ----------------------------------
    This is JADE 4.6.0  - revision UNKNOWN of UNKNOWN
    downloaded in Open Source, under LGPL restrictions,
    at http://jade.tilab.com/
----------------------------------------
2025-05-09 23:55:44 INFO  LEAPIMTPManager:149 - Listening for intra-platform commands on address:
- jicp://192.168.0.30:1099

2025-05-09 23:55:44 INFO  AgentManagement:59 - Service jade.core.management.AgentManagement initialized
2025-05-09 23:55:44 INFO  Messaging:59 - Service jade.core.messaging.Messaging initialized
2025-05-09 23:55:44 INFO  ResourceManagement:59 - Service jade.core.resource.ResourceManagement initialized
2025-05-09 23:55:44 INFO  AgentMobility:59 - Service jade.core.mobility.AgentMobility initialized
2025-05-09 23:55:44 INFO  Notification:59 - Service jade.core.event.Notification initialized
2025-05-09 23:55:44 INFO  AgentContainerImpl:543 - --------------------------------------
Agent container Main-Container@192.168.0.30 is ready.
--------------------------------------------
2025-05-09 23:55:44 INFO  Coordinator:28 - Initialized
2025-05-09 23:55:44 INFO  Scheduler:27 - Initialized
2025-05-09 23:55:44 INFO  Smart Lightbulb:31 - Initialized in area: kitchen
2025-05-09 23:55:44 INFO  Motion Sensor:31 - Initialized in area: kitchen
2025-05-09 23:55:44 INFO  Temperature Sensor:31 - Initialized in area: kitchen
2025-05-09 23:55:44 INFO  AC:31 - Initialized in area: kitchen
2025-05-09 23:55:46 INFO  Scheduler:42 - Found coordinator agent Coordinator
2025-05-09 23:55:47 INFO  ScheduleLoopBehaviour:96 - Morning schedule started, message sent to coordinator
2025-05-09 23:55:48 INFO  EnvironmentService:57 - Kitchen temperature updated to: 25,43 °C
2025-05-09 23:55:52 INFO  EnvironmentService:62 - Human entered the kitchen
2025-05-09 23:55:52 INFO  Motion Sensor:62 - I have been triggered!
2025-05-09 23:55:54 INFO  Temperature Sensor:28 - Responding to AC's request
2025-05-09 23:55:55 INFO  Temperature Sensor:28 - Responding to AC's request
2025-05-09 23:55:56 INFO  Temperature Sensor:28 - Responding to AC's request
2025-05-09 23:55:57 INFO  Temperature Sensor:28 - Responding to AC's request
2025-05-09 23:55:58 INFO  Temperature Sensor:28 - Responding to AC's request
2025-05-09 23:55:59 INFO  Temperature Sensor:28 - Responding to AC's request
2025-05-09 23:56:00 INFO  Temperature Sensor:28 - Responding to AC's request
2025-05-09 23:56:01 INFO  Temperature Sensor:28 - Responding to AC's request
2025-05-09 23:56:02 INFO  Temperature Sensor:28 - Responding to AC's request
2025-05-09 23:56:03 INFO  Temperature Sensor:28 - Responding to AC's request
2025-05-09 23:56:04 INFO  Temperature Sensor:28 - Responding to AC's request
2025-05-09 23:56:05 INFO  Temperature Sensor:28 - Responding to AC's request
2025-05-09 23:56:06 INFO  Temperature Sensor:28 - Responding to AC's request
2025-05-09 23:56:07 INFO  EnvironmentService:62 - Human left the kitchen
2025-05-09 23:56:07 INFO  Temperature Sensor:28 - Responding to AC's request
2025-05-09 23:56:07 INFO  Motion Sensor:62 - I have been triggered!
2025-05-09 23:56:08 INFO  Temperature Sensor:28 - Responding to AC's request
2025-05-09 23:56:09 INFO  Temperature Sensor:28 - Responding to AC's request
2025-05-09 23:56:10 INFO  Temperature Sensor:28 - Responding to AC's request
2025-05-09 23:56:11 INFO  Temperature Sensor:28 - Responding to AC's request
2025-05-09 23:56:12 INFO  Temperature Sensor:28 - Responding to AC's request
2025-05-09 23:56:13 INFO  Temperature Sensor:28 - Responding to AC's request
2025-05-09 23:56:14 INFO  EnvironmentService:62 - Human entered the kitchen
2025-05-09 23:56:14 INFO  Motion Sensor:62 - I have been triggered!
2025-05-09 23:56:14 INFO  Temperature Sensor:28 - Responding to AC's request
2025-05-09 23:56:14 INFO  ScheduleLoopBehaviour:74 - Kitchen temperature updated to: 24,07 °C
2025-05-09 23:56:15 INFO  Temperature Sensor:28 - Responding to AC's request
2025-05-09 23:56:16 INFO  Temperature Sensor:28 - Responding to AC's request
2025-05-09 23:56:17 INFO  EnvironmentService:62 - Human left the kitchen
2025-05-09 23:56:17 INFO  Temperature Sensor:28 - Responding to AC's request
2025-05-09 23:56:17 INFO  Motion Sensor:62 - I have been triggered!
2025-05-09 23:56:18 INFO  EnvironmentService:57 - Kitchen temperature updated to: 22,21 °C
2025-05-09 23:56:18 INFO  Temperature Sensor:28 - Responding to AC's request
2025-05-09 23:56:19 INFO  Temperature Sensor:28 - Responding to AC's request
2025-05-09 23:56:20 INFO  Temperature Sensor:28 - Responding to AC's request
2025-05-09 23:56:21 INFO  Temperature Sensor:28 - Responding to AC's request
2025-05-09 23:56:22 INFO  Temperature Sensor:28 - Responding to AC's request
2025-05-09 23:56:23 INFO  Temperature Sensor:28 - Responding to AC's request
2025-05-09 23:56:24 INFO  EnvironmentService:62 - Human entered the kitchen
2025-05-09 23:56:24 INFO  Temperature Sensor:28 - Responding to AC's request
2025-05-09 23:56:24 INFO  Motion Sensor:62 - I have been triggered!
2025-05-09 23:56:25 INFO  Temperature Sensor:28 - Responding to AC's request
2025-05-09 23:56:26 INFO  Temperature Sensor:28 - Responding to AC's request
2025-05-09 23:56:27 INFO  Temperature Sensor:28 - Responding to AC's request
2025-05-09 23:56:28 INFO  EnvironmentService:62 - Human left the kitchen
2025-05-09 23:56:28 INFO  Motion Sensor:62 - I have been triggered!
2025-05-09 23:56:28 INFO  Temperature Sensor:28 - Responding to AC's request
2025-05-09 23:56:29 INFO  Temperature Sensor:28 - Responding to AC's request
2025-05-09 23:56:30 INFO  Temperature Sensor:28 - Responding to AC's request
2025-05-09 23:56:31 INFO  Temperature Sensor:28 - Responding to AC's request
2025-05-09 23:56:32 INFO  Temperature Sensor:28 - Responding to AC's request
2025-05-09 23:56:33 INFO  Temperature Sensor:28 - Responding to AC's request
2025-05-09 23:56:34 INFO  Temperature Sensor:28 - Responding to AC's request
2025-05-09 23:56:35 INFO  Temperature Sensor:28 - Responding to AC's request
2025-05-09 23:56:36 INFO  Temperature Sensor:28 - Responding to AC's request
2025-05-09 23:56:37 INFO  Temperature Sensor:28 - Responding to AC's request
2025-05-09 23:56:38 INFO  Temperature Sensor:28 - Responding to AC's request
2025-05-09 23:56:39 INFO  Temperature Sensor:28 - Responding to AC's request
2025-05-09 23:56:39 INFO  AC:49 - Finished cooling
2025-05-09 23:56:44 INFO  Temperature Sensor:28 - Responding to AC's request
2025-05-09 23:56:44 INFO  ScheduleLoopBehaviour:74 - Kitchen temperature updated to: 24,32 °C
2025-05-09 23:56:47 INFO  EnvironmentService:62 - Human entered the kitchen
2025-05-09 23:56:47 INFO  Motion Sensor:62 - I have been triggered!
2025-05-09 23:56:48 INFO  EnvironmentService:57 - Kitchen temperature updated to: 22,86 °C
2025-05-09 23:56:54 INFO  EnvironmentService:62 - Human left the kitchen
2025-05-09 23:56:54 INFO  Temperature Sensor:28 - Responding to AC's request
2025-05-09 23:56:54 INFO  Motion Sensor:62 - I have been triggered!
2025-05-09 23:56:55 INFO  Temperature Sensor:28 - Responding to AC's request
2025-05-09 23:56:56 INFO  EnvironmentService:62 - Human entered the kitchen
2025-05-09 23:56:56 INFO  Temperature Sensor:28 - Responding to AC's request
2025-05-09 23:56:56 INFO  Motion Sensor:62 - I have been triggered!
2025-05-09 23:56:57 INFO  Temperature Sensor:28 - Responding to AC's request
2025-05-09 23:56:58 INFO  GracefulShutdown:54 - Commencing graceful shutdown. Waiting for active requests to complete
2025-05-09 23:56:58 INFO  GracefulShutdown:76 - Graceful shutdown complete
2025-05-09 23:58:56 INFO  Application:53 - Starting Application using Java 23.0.2 with PID 11104 (C:\Users\YouRekt\Desktop\Projects\ASaA\SmartHomeTest\target\classes started by YouRekt in C:\Users\YouRekt\Desktop\Projects\ASaA\SmartHomeTest)
2025-05-09 23:58:56 INFO  Application:652 - No active profile set, falling back to 1 default profile: "default"
2025-05-09 23:58:57 INFO  TomcatWebServer:111 - Tomcat initialized with port 8080 (http)
2025-05-09 23:58:57 INFO  Http11NioProtocol:168 - Initializing ProtocolHandler ["http-nio-8080"]
2025-05-09 23:58:57 INFO  StandardService:168 - Starting service [Tomcat]
2025-05-09 23:58:57 INFO  StandardEngine:168 - Starting Servlet engine: [Apache Tomcat/10.1.40]
2025-05-09 23:58:57 INFO  [/]:168 - Initializing Spring embedded WebApplicationContext
2025-05-09 23:58:57 INFO  ServletWebServerApplicationContext:301 - Root WebApplicationContext: initialization completed in 637 ms
2025-05-09 23:58:57 INFO  EndpointLinksResolver:60 - Exposing 1 endpoint beneath base path '/actuator'
2025-05-09 23:58:57 INFO  Http11NioProtocol:168 - Starting ProtocolHandler ["http-nio-8080"]
2025-05-09 23:58:57 INFO  TomcatWebServer:243 - Tomcat started on port 8080 (http) with context path '/'
2025-05-09 23:58:57 INFO  Application:59 - Started Application in 1.296 seconds (process running for 1.954)
2025-05-09 23:58:57 INFO  [/]:168 - Initializing Spring DispatcherServlet 'dispatcherServlet'
2025-05-09 23:58:57 INFO  DispatcherServlet:532 - Initializing Servlet 'dispatcherServlet'
2025-05-09 23:58:57 INFO  DispatcherServlet:554 - Completed initialization in 1 ms
2025-05-09 23:59:04 INFO  Runtime:243 - ----------------------------------
    This is JADE 4.6.0  - revision UNKNOWN of UNKNOWN
    downloaded in Open Source, under LGPL restrictions,
    at http://jade.tilab.com/
----------------------------------------
2025-05-09 23:59:04 INFO  LEAPIMTPManager:149 - Listening for intra-platform commands on address:
- jicp://192.168.0.30:1099

2025-05-09 23:59:04 INFO  AgentManagement:59 - Service jade.core.management.AgentManagement initialized
2025-05-09 23:59:04 INFO  Messaging:59 - Service jade.core.messaging.Messaging initialized
2025-05-09 23:59:04 INFO  ResourceManagement:59 - Service jade.core.resource.ResourceManagement initialized
2025-05-09 23:59:04 INFO  AgentMobility:59 - Service jade.core.mobility.AgentMobility initialized
2025-05-09 23:59:04 INFO  Notification:59 - Service jade.core.event.Notification initialized
2025-05-09 23:59:04 INFO  AgentContainerImpl:543 - --------------------------------------
Agent container Main-Container@192.168.0.30 is ready.
--------------------------------------------
2025-05-09 23:59:04 INFO  Coordinator:28 - Initialized
2025-05-09 23:59:04 INFO  Scheduler:27 - Initialized
2025-05-09 23:59:04 INFO  AC:31 - Initialized in area: kitchen
2025-05-09 23:59:04 INFO  Smart Lightbulb:31 - Initialized in area: kitchen
2025-05-09 23:59:04 INFO  Temperature Sensor:31 - Initialized in area: kitchen
2025-05-09 23:59:04 INFO  Motion Sensor:31 - Initialized in area: kitchen
2025-05-09 23:59:04 INFO  EnvironmentService:57 - Kitchen temperature updated to: 24,07 °C
2025-05-09 23:59:06 INFO  EnvironmentService:62 - Human entered the kitchen
2025-05-09 23:59:06 INFO  Scheduler:42 - Found coordinator agent Coordinator
2025-05-09 23:59:06 INFO  Motion Sensor:62 - I have been triggered!
2025-05-09 23:59:14 INFO  Temperature Sensor:28 - Responding to AC's request
2025-05-09 23:59:15 INFO  EnvironmentService:62 - Human left the kitchen
2025-05-09 23:59:15 INFO  Motion Sensor:62 - I have been triggered!
2025-05-09 23:59:15 INFO  Temperature Sensor:28 - Responding to AC's request
2025-05-09 23:59:16 INFO  EnvironmentService:62 - Human entered the kitchen
2025-05-09 23:59:16 INFO  Temperature Sensor:28 - Responding to AC's request
2025-05-09 23:59:16 INFO  Motion Sensor:62 - I have been triggered!
2025-05-09 23:59:17 INFO  EnvironmentService:62 - Human left the kitchen
2025-05-09 23:59:17 INFO  Temperature Sensor:28 - Responding to AC's request
2025-05-09 23:59:17 INFO  GracefulShutdown:54 - Commencing graceful shutdown. Waiting for active requests to complete
2025-05-09 23:59:17 INFO  GracefulShutdown:76 - Graceful shutdown complete
2025-05-09 23:59:30 INFO  Application:53 - Starting Application using Java 23.0.2 with PID 48644 (C:\Users\YouRekt\Desktop\Projects\ASaA\SmartHomeTest\target\classes started by YouRekt in C:\Users\YouRekt\Desktop\Projects\ASaA\SmartHomeTest)
2025-05-09 23:59:30 INFO  Application:652 - No active profile set, falling back to 1 default profile: "default"
2025-05-09 23:59:30 INFO  TomcatWebServer:111 - Tomcat initialized with port 8080 (http)
2025-05-09 23:59:30 INFO  Http11NioProtocol:168 - Initializing ProtocolHandler ["http-nio-8080"]
2025-05-09 23:59:30 INFO  StandardService:168 - Starting service [Tomcat]
2025-05-09 23:59:30 INFO  StandardEngine:168 - Starting Servlet engine: [Apache Tomcat/10.1.40]
2025-05-09 23:59:30 INFO  [/]:168 - Initializing Spring embedded WebApplicationContext
2025-05-09 23:59:30 INFO  ServletWebServerApplicationContext:301 - Root WebApplicationContext: initialization completed in 640 ms
2025-05-09 23:59:31 INFO  EndpointLinksResolver:60 - Exposing 1 endpoint beneath base path '/actuator'
2025-05-09 23:59:31 INFO  Http11NioProtocol:168 - Starting ProtocolHandler ["http-nio-8080"]
2025-05-09 23:59:31 INFO  TomcatWebServer:243 - Tomcat started on port 8080 (http) with context path '/'
2025-05-09 23:59:31 INFO  Application:59 - Started Application in 1.322 seconds (process running for 1.938)
2025-05-09 23:59:31 INFO  [/]:168 - Initializing Spring DispatcherServlet 'dispatcherServlet'
2025-05-09 23:59:31 INFO  DispatcherServlet:532 - Initializing Servlet 'dispatcherServlet'
2025-05-09 23:59:31 INFO  DispatcherServlet:554 - Completed initialization in 1 ms
2025-05-09 23:59:44 INFO  Runtime:243 - ----------------------------------
    This is JADE 4.6.0  - revision UNKNOWN of UNKNOWN
    downloaded in Open Source, under LGPL restrictions,
    at http://jade.tilab.com/
----------------------------------------
2025-05-09 23:59:44 INFO  LEAPIMTPManager:149 - Listening for intra-platform commands on address:
- jicp://192.168.0.30:1099

2025-05-09 23:59:44 INFO  AgentManagement:59 - Service jade.core.management.AgentManagement initialized
2025-05-09 23:59:44 INFO  Messaging:59 - Service jade.core.messaging.Messaging initialized
2025-05-09 23:59:44 INFO  ResourceManagement:59 - Service jade.core.resource.ResourceManagement initialized
2025-05-09 23:59:44 INFO  AgentMobility:59 - Service jade.core.mobility.AgentMobility initialized
2025-05-09 23:59:44 INFO  Notification:59 - Service jade.core.event.Notification initialized
2025-05-09 23:59:44 INFO  AgentContainerImpl:543 - --------------------------------------
Agent container Main-Container@192.168.0.30 is ready.
--------------------------------------------
2025-05-09 23:59:44 INFO  Coordinator:28 - Initialized
2025-05-09 23:59:44 INFO  Scheduler:27 - Initialized
2025-05-09 23:59:44 INFO  Smart Lightbulb:31 - Initialized in area: kitchen
2025-05-09 23:59:44 INFO  Temperature Sensor:31 - Initialized in area: kitchen
2025-05-09 23:59:44 INFO  Motion Sensor:31 - Initialized in area: kitchen
2025-05-09 23:59:44 INFO  AC:31 - Initialized in area: kitchen
2025-05-09 23:59:44 INFO  EnvironmentService:57 - Kitchen temperature updated to: 25,96 °C
2025-05-09 23:59:46 INFO  Scheduler:42 - Found coordinator agent Coordinator
2025-05-09 23:59:54 INFO  Temperature Sensor:28 - Responding to AC's request
2025-05-09 23:59:55 INFO  Temperature Sensor:28 - Responding to AC's request
2025-05-09 23:59:56 INFO  Temperature Sensor:28 - Responding to AC's request
2025-05-09 23:59:57 INFO  Temperature Sensor:28 - Responding to AC's request
2025-05-09 23:59:58 INFO  Temperature Sensor:28 - Responding to AC's request
2025-05-09 23:59:59 INFO  Temperature Sensor:28 - Responding to AC's request
2025-05-10 00:00:00 INFO  Temperature Sensor:28 - Responding to AC's request
2025-05-10 00:00:01 INFO  Temperature Sensor:28 - Responding to AC's request
2025-05-10 00:00:02 INFO  Temperature Sensor:28 - Responding to AC's request
2025-05-10 00:00:03 INFO  Temperature Sensor:28 - Responding to AC's request
2025-05-10 00:00:04 INFO  Temperature Sensor:28 - Responding to AC's request
2025-05-10 00:00:05 INFO  Temperature Sensor:28 - Responding to AC's request
2025-05-10 00:00:06 INFO  Temperature Sensor:28 - Responding to AC's request
2025-05-10 00:00:07 INFO  Temperature Sensor:28 - Responding to AC's request
2025-05-10 00:00:08 INFO  Temperature Sensor:28 - Responding to AC's request
2025-05-10 00:00:09 INFO  Temperature Sensor:28 - Responding to AC's request
2025-05-10 00:00:10 INFO  Temperature Sensor:28 - Responding to AC's request
2025-05-10 00:00:11 INFO  Temperature Sensor:28 - Responding to AC's request
2025-05-10 00:00:12 INFO  Temperature Sensor:28 - Responding to AC's request
2025-05-10 00:00:13 INFO  Temperature Sensor:28 - Responding to AC's request
2025-05-10 00:00:14 INFO  EnvironmentService:57 - Kitchen temperature updated to: 26,12 °C
2025-05-10 00:00:14 INFO  Temperature Sensor:28 - Responding to AC's request
2025-05-10 00:00:14 INFO  ScheduleLoopBehaviour:74 - Kitchen temperature updated to: 24,72 °C
2025-05-10 00:00:15 INFO  Temperature Sensor:28 - Responding to AC's request
2025-05-10 00:00:16 INFO  Temperature Sensor:28 - Responding to AC's request
2025-05-10 00:00:17 INFO  EnvironmentService:62 - Human entered the kitchen
2025-05-10 00:00:17 INFO  Temperature Sensor:28 - Responding to AC's request
2025-05-10 00:00:17 INFO  Motion Sensor:62 - I have been triggered!
2025-05-10 00:00:18 INFO  EnvironmentService:62 - Human left the kitchen
2025-05-10 00:00:18 INFO  Motion Sensor:62 - I have been triggered!
2025-05-10 00:00:18 INFO  Temperature Sensor:28 - Responding to AC's request
2025-05-10 00:00:19 INFO  Temperature Sensor:28 - Responding to AC's request
2025-05-10 00:00:20 INFO  EnvironmentService:62 - Human entered the kitchen
2025-05-10 00:00:20 INFO  Temperature Sensor:28 - Responding to AC's request
2025-05-10 00:00:20 INFO  Motion Sensor:62 - I have been triggered!
2025-05-10 00:00:21 INFO  Temperature Sensor:28 - Responding to AC's request
2025-05-10 00:00:22 INFO  Temperature Sensor:28 - Responding to AC's request
2025-05-10 00:00:23 INFO  Temperature Sensor:28 - Responding to AC's request
2025-05-10 00:00:24 INFO  Temperature Sensor:28 - Responding to AC's request
2025-05-10 00:00:25 INFO  Temperature Sensor:28 - Responding to AC's request
2025-05-10 00:00:26 INFO  Temperature Sensor:28 - Responding to AC's request
2025-05-10 00:00:27 INFO  Temperature Sensor:28 - Responding to AC's request
2025-05-10 00:00:28 INFO  Temperature Sensor:28 - Responding to AC's request
2025-05-10 00:00:29 INFO  Temperature Sensor:28 - Responding to AC's request
2025-05-10 00:00:30 INFO  Temperature Sensor:28 - Responding to AC's request
2025-05-10 00:00:31 INFO  Temperature Sensor:28 - Responding to AC's request
2025-05-10 00:00:32 INFO  Temperature Sensor:28 - Responding to AC's request
2025-05-10 00:00:33 INFO  Temperature Sensor:28 - Responding to AC's request
2025-05-10 00:00:34 INFO  Temperature Sensor:28 - Responding to AC's request
2025-05-10 00:00:35 INFO  Temperature Sensor:28 - Responding to AC's request
2025-05-10 00:00:36 INFO  Temperature Sensor:28 - Responding to AC's request
2025-05-10 00:00:37 INFO  Temperature Sensor:28 - Responding to AC's request
2025-05-10 00:00:38 INFO  EnvironmentService:62 - Human left the kitchen
2025-05-10 00:00:38 INFO  Temperature Sensor:28 - Responding to AC's request
2025-05-10 00:00:38 INFO  Motion Sensor:62 - I have been triggered!
2025-05-10 00:00:39 INFO  Temperature Sensor:28 - Responding to AC's request
2025-05-10 00:00:40 INFO  Temperature Sensor:28 - Responding to AC's request
2025-05-10 00:00:41 INFO  Temperature Sensor:28 - Responding to AC's request
2025-05-10 00:00:42 INFO  Temperature Sensor:28 - Responding to AC's request
2025-05-10 00:00:43 INFO  Temperature Sensor:28 - Responding to AC's request
2025-05-10 00:00:44 INFO  EnvironmentService:57 - Kitchen temperature updated to: 26,21 °C
2025-05-10 00:00:44 INFO  Temperature Sensor:28 - Responding to AC's request
2025-05-10 00:00:44 INFO  AC:49 - Finished cooling
2025-05-10 00:00:44 INFO  ScheduleLoopBehaviour:74 - Kitchen temperature updated to: 21,58 °C
2025-05-10 00:00:46 INFO  EnvironmentService:62 - Human entered the kitchen
2025-05-10 00:00:46 INFO  Motion Sensor:62 - I have been triggered!
2025-05-10 00:00:52 INFO  EnvironmentService:62 - Human left the kitchen
2025-05-10 00:00:52 INFO  Motion Sensor:62 - I have been triggered!
2025-05-10 00:00:54 INFO  Temperature Sensor:28 - Responding to AC's request
2025-05-10 00:00:55 INFO  Temperature Sensor:28 - Responding to AC's request
2025-05-10 00:00:56 INFO  Temperature Sensor:28 - Responding to AC's request
2025-05-10 00:00:57 INFO  Temperature Sensor:28 - Responding to AC's request
2025-05-10 00:00:58 INFO  Temperature Sensor:28 - Responding to AC's request
2025-05-10 00:00:59 INFO  Temperature Sensor:28 - Responding to AC's request
2025-05-10 00:01:00 INFO  Temperature Sensor:28 - Responding to AC's request
2025-05-10 00:01:00 INFO  AC:49 - Finished cooling
2025-05-10 00:01:04 INFO  Temperature Sensor:28 - Responding to AC's request
2025-05-10 00:01:08 INFO  EnvironmentService:62 - Human entered the kitchen
2025-05-10 00:01:08 INFO  Motion Sensor:62 - I have been triggered!
2025-05-10 00:01:14 INFO  EnvironmentService:57 - Kitchen temperature updated to: 24,83 °C
2025-05-10 00:01:14 INFO  Temperature Sensor:28 - Responding to AC's request
2025-05-10 00:01:14 INFO  ScheduleLoopBehaviour:74 - Kitchen temperature updated to: 21,92 °C
2025-05-10 00:01:15 INFO  Temperature Sensor:28 - Responding to AC's request
2025-05-10 00:01:16 INFO  Temperature Sensor:28 - Responding to AC's request
2025-05-10 00:01:17 INFO  Temperature Sensor:28 - Responding to AC's request
2025-05-10 00:01:18 INFO  Temperature Sensor:28 - Responding to AC's request
2025-05-10 00:01:19 INFO  EnvironmentService:62 - Human left the kitchen
2025-05-10 00:01:19 INFO  Motion Sensor:62 - I have been triggered!
2025-05-10 00:01:19 INFO  Temperature Sensor:28 - Responding to AC's request
2025-05-10 00:01:20 INFO  Temperature Sensor:28 - Responding to AC's request
2025-05-10 00:01:21 INFO  Temperature Sensor:28 - Responding to AC's request
2025-05-10 00:01:22 INFO  Temperature Sensor:28 - Responding to AC's request
2025-05-10 00:01:23 INFO  EnvironmentService:62 - Human entered the kitchen
2025-05-10 00:01:23 INFO  Temperature Sensor:28 - Responding to AC's request
2025-05-10 00:01:23 INFO  Motion Sensor:62 - I have been triggered!
2025-05-10 00:01:24 INFO  EnvironmentService:62 - Human left the kitchen
2025-05-10 00:01:24 INFO  Temperature Sensor:28 - Responding to AC's request
2025-05-10 00:01:24 INFO  Motion Sensor:62 - I have been triggered!
2025-05-10 00:01:25 INFO  Temperature Sensor:28 - Responding to AC's request
2025-05-10 00:01:26 INFO  Temperature Sensor:28 - Responding to AC's request
2025-05-10 00:01:27 INFO  EnvironmentService:62 - Human entered the kitchen
2025-05-10 00:01:27 INFO  Motion Sensor:62 - I have been triggered!
2025-05-10 00:01:27 INFO  Temperature Sensor:28 - Responding to AC's request
2025-05-10 00:01:28 INFO  Temperature Sensor:28 - Responding to AC's request
2025-05-10 00:01:29 INFO  Temperature Sensor:28 - Responding to AC's request
2025-05-10 00:01:30 INFO  Temperature Sensor:28 - Responding to AC's request
2025-05-10 00:01:31 INFO  Temperature Sensor:28 - Responding to AC's request
2025-05-10 00:01:32 INFO  Temperature Sensor:28 - Responding to AC's request
2025-05-10 00:01:33 INFO  Temperature Sensor:28 - Responding to AC's request
2025-05-10 00:01:34 INFO  Temperature Sensor:28 - Responding to AC's request
2025-05-10 00:01:35 INFO  Temperature Sensor:28 - Responding to AC's request
2025-05-10 00:01:36 INFO  Temperature Sensor:28 - Responding to AC's request
2025-05-10 00:01:37 INFO  Temperature Sensor:28 - Responding to AC's request
2025-05-10 00:01:38 INFO  Temperature Sensor:28 - Responding to AC's request
2025-05-10 00:01:39 INFO  Temperature Sensor:28 - Responding to AC's request
2025-05-10 00:01:40 INFO  Temperature Sensor:28 - Responding to AC's request
2025-05-10 00:01:41 INFO  Temperature Sensor:28 - Responding to AC's request
2025-05-10 00:01:42 INFO  Temperature Sensor:28 - Responding to AC's request
2025-05-10 00:01:43 INFO  Temperature Sensor:28 - Responding to AC's request
2025-05-10 00:01:44 INFO  EnvironmentService:57 - Kitchen temperature updated to: 26,21 °C
2025-05-10 00:01:44 INFO  Temperature Sensor:28 - Responding to AC's request
2025-05-10 00:01:44 INFO  ScheduleLoopBehaviour:74 - Kitchen temperature updated to: 25,33 °C
2025-05-10 00:01:45 INFO  Temperature Sensor:28 - Responding to AC's request
2025-05-10 00:01:46 INFO  Temperature Sensor:28 - Responding to AC's request
2025-05-10 00:01:47 INFO  Temperature Sensor:28 - Responding to AC's request
2025-05-10 00:01:48 INFO  Temperature Sensor:28 - Responding to AC's request
2025-05-10 00:01:49 INFO  Temperature Sensor:28 - Responding to AC's request
2025-05-10 00:01:50 INFO  Temperature Sensor:28 - Responding to AC's request
2025-05-10 00:01:51 INFO  Temperature Sensor:28 - Responding to AC's request
2025-05-10 00:01:52 INFO  Temperature Sensor:28 - Responding to AC's request
2025-05-10 00:01:53 INFO  Temperature Sensor:28 - Responding to AC's request
2025-05-10 00:01:53 INFO  AC:49 - Finished cooling
2025-05-10 00:01:54 INFO  Temperature Sensor:28 - Responding to AC's request
2025-05-10 00:02:01 INFO  EnvironmentService:62 - Human left the kitchen
2025-05-10 00:02:01 INFO  Motion Sensor:62 - I have been triggered!
2025-05-10 00:02:04 INFO  Temperature Sensor:28 - Responding to AC's request
2025-05-10 00:02:08 INFO  EnvironmentService:62 - Human entered the kitchen
2025-05-10 00:02:08 INFO  Motion Sensor:62 - I have been triggered!
2025-05-10 00:02:10 INFO  EnvironmentService:62 - Human left the kitchen
2025-05-10 00:02:10 INFO  Motion Sensor:62 - I have been triggered!
2025-05-10 00:02:14 INFO  EnvironmentService:57 - Kitchen temperature updated to: 25,03 °C
2025-05-10 00:02:14 INFO  Temperature Sensor:28 - Responding to AC's request
2025-05-10 00:02:14 INFO  ScheduleLoopBehaviour:74 - Kitchen temperature updated to: 23,32 °C
2025-05-10 00:02:15 INFO  Temperature Sensor:28 - Responding to AC's request
2025-05-10 00:02:16 INFO  EnvironmentService:62 - Human entered the kitchen
2025-05-10 00:02:16 INFO  Temperature Sensor:28 - Responding to AC's request
2025-05-10 00:02:16 INFO  Motion Sensor:62 - I have been triggered!
2025-05-10 00:02:17 INFO  Temperature Sensor:28 - Responding to AC's request
2025-05-10 00:02:18 INFO  Temperature Sensor:28 - Responding to AC's request
2025-05-10 00:02:19 INFO  Temperature Sensor:28 - Responding to AC's request
2025-05-10 00:02:20 INFO  Temperature Sensor:28 - Responding to AC's request
2025-05-10 00:02:21 INFO  Temperature Sensor:28 - Responding to AC's request
2025-05-10 00:02:22 INFO  Temperature Sensor:28 - Responding to AC's request
2025-05-10 00:02:23 INFO  Temperature Sensor:28 - Responding to AC's request
2025-05-10 00:02:24 INFO  Temperature Sensor:28 - Responding to AC's request
2025-05-10 00:02:25 INFO  Temperature Sensor:28 - Responding to AC's request
2025-05-10 00:02:26 INFO  Temperature Sensor:28 - Responding to AC's request
2025-05-10 00:02:27 INFO  Temperature Sensor:28 - Responding to AC's request
2025-05-10 00:02:28 INFO  Temperature Sensor:28 - Responding to AC's request
2025-05-10 00:02:29 INFO  Temperature Sensor:28 - Responding to AC's request
2025-05-10 00:02:30 INFO  Temperature Sensor:28 - Responding to AC's request
2025-05-10 00:02:31 INFO  Temperature Sensor:28 - Responding to AC's request
2025-05-10 00:02:32 INFO  Temperature Sensor:28 - Responding to AC's request
2025-05-10 00:02:32 INFO  GracefulShutdown:54 - Commencing graceful shutdown. Waiting for active requests to complete
2025-05-10 00:02:32 INFO  GracefulShutdown:76 - Graceful shutdown complete
2025-05-10 00:02:34 INFO  Application:53 - Starting Application using Java 23.0.2 with PID 29880 (C:\Users\YouRekt\Desktop\Projects\ASaA\SmartHomeTest\target\classes started by YouRekt in C:\Users\YouRekt\Desktop\Projects\ASaA\SmartHomeTest)
2025-05-10 00:02:34 INFO  Application:652 - No active profile set, falling back to 1 default profile: "default"
2025-05-10 00:02:34 INFO  TomcatWebServer:111 - Tomcat initialized with port 8080 (http)
2025-05-10 00:02:34 INFO  Http11NioProtocol:168 - Initializing ProtocolHandler ["http-nio-8080"]
2025-05-10 00:02:34 INFO  StandardService:168 - Starting service [Tomcat]
2025-05-10 00:02:34 INFO  StandardEngine:168 - Starting Servlet engine: [Apache Tomcat/10.1.40]
2025-05-10 00:02:34 INFO  [/]:168 - Initializing Spring embedded WebApplicationContext
2025-05-10 00:02:34 INFO  ServletWebServerApplicationContext:301 - Root WebApplicationContext: initialization completed in 650 ms
2025-05-10 00:02:35 INFO  EndpointLinksResolver:60 - Exposing 1 endpoint beneath base path '/actuator'
2025-05-10 00:02:35 INFO  Http11NioProtocol:168 - Starting ProtocolHandler ["http-nio-8080"]
2025-05-10 00:02:35 INFO  TomcatWebServer:243 - Tomcat started on port 8080 (http) with context path '/'
2025-05-10 00:02:35 INFO  Application:59 - Started Application in 1.35 seconds (process running for 1.993)
2025-05-10 00:02:35 INFO  [/]:168 - Initializing Spring DispatcherServlet 'dispatcherServlet'
2025-05-10 00:02:35 INFO  DispatcherServlet:532 - Initializing Servlet 'dispatcherServlet'
2025-05-10 00:02:35 INFO  DispatcherServlet:554 - Completed initialization in 1 ms
2025-05-10 00:02:45 INFO  Runtime:243 - ----------------------------------
    This is JADE 4.6.0  - revision UNKNOWN of UNKNOWN
    downloaded in Open Source, under LGPL restrictions,
    at http://jade.tilab.com/
----------------------------------------
2025-05-10 00:02:45 INFO  LEAPIMTPManager:149 - Listening for intra-platform commands on address:
- jicp://192.168.0.30:1099

2025-05-10 00:02:45 INFO  AgentManagement:59 - Service jade.core.management.AgentManagement initialized
2025-05-10 00:02:45 INFO  Messaging:59 - Service jade.core.messaging.Messaging initialized
2025-05-10 00:02:45 INFO  ResourceManagement:59 - Service jade.core.resource.ResourceManagement initialized
2025-05-10 00:02:45 INFO  AgentMobility:59 - Service jade.core.mobility.AgentMobility initialized
2025-05-10 00:02:45 INFO  Notification:59 - Service jade.core.event.Notification initialized
2025-05-10 00:02:45 INFO  AgentContainerImpl:543 - --------------------------------------
Agent container Main-Container@192.168.0.30 is ready.
--------------------------------------------
2025-05-10 00:02:45 INFO  Coordinator:28 - Initialized
2025-05-10 00:02:45 INFO  Scheduler:27 - Initialized
2025-05-10 00:02:45 INFO  Temperature Sensor:31 - Initialized in area: kitchen
2025-05-10 00:02:45 INFO  Motion Sensor:31 - Initialized in area: kitchen
2025-05-10 00:02:45 INFO  Smart Lightbulb:31 - Initialized in area: kitchen
2025-05-10 00:02:45 INFO  AC:31 - Initialized in area: kitchen
2025-05-10 00:02:47 INFO  Scheduler:42 - Found coordinator agent Coordinator
2025-05-10 00:02:55 INFO  Temperature Sensor:28 - Responding to AC's request
2025-05-10 00:02:56 INFO  EnvironmentService:62 - Human entered the kitchen
2025-05-10 00:02:56 INFO  Motion Sensor:62 - I have been triggered!
2025-05-10 00:03:05 INFO  Temperature Sensor:28 - Responding to AC's request
2025-05-10 00:03:12 INFO  EnvironmentService:57 - Kitchen temperature updated to: 21,87 °C
2025-05-10 00:03:12 INFO  EnvironmentService:62 - Human left the kitchen
2025-05-10 00:03:12 INFO  Motion Sensor:62 - I have been triggered!
2025-05-10 00:03:15 INFO  Temperature Sensor:28 - Responding to AC's request
2025-05-10 00:03:15 INFO  ScheduleLoopBehaviour:74 - Kitchen temperature updated to: 26,57 °C
2025-05-10 00:03:16 INFO  Temperature Sensor:28 - Responding to AC's request
2025-05-10 00:03:17 INFO  Temperature Sensor:28 - Responding to AC's request
2025-05-10 00:03:18 INFO  Temperature Sensor:28 - Responding to AC's request
2025-05-10 00:03:19 INFO  Temperature Sensor:28 - Responding to AC's request
2025-05-10 00:03:20 INFO  Temperature Sensor:28 - Responding to AC's request
2025-05-10 00:03:21 INFO  Temperature Sensor:28 - Responding to AC's request
2025-05-10 00:03:22 INFO  Temperature Sensor:28 - Responding to AC's request
2025-05-10 00:03:23 INFO  Temperature Sensor:28 - Responding to AC's request
2025-05-10 00:03:24 INFO  Temperature Sensor:28 - Responding to AC's request
2025-05-10 00:03:24 INFO  AC:49 - Finished cooling
2025-05-10 00:03:25 INFO  Temperature Sensor:28 - Responding to AC's request
2025-05-10 00:03:31 INFO  EnvironmentService:62 - Human entered the kitchen
2025-05-10 00:03:31 INFO  Motion Sensor:62 - I have been triggered!
2025-05-10 00:03:35 INFO  Temperature Sensor:28 - Responding to AC's request
2025-05-10 00:03:42 INFO  EnvironmentService:57 - Kitchen temperature updated to: 22,63 °C
2025-05-10 00:03:43 INFO  EnvironmentService:62 - Human left the kitchen
2025-05-10 00:03:43 INFO  Motion Sensor:62 - I have been triggered!
2025-05-10 00:03:45 INFO  Temperature Sensor:28 - Responding to AC's request
2025-05-10 00:03:45 INFO  ScheduleLoopBehaviour:74 - Kitchen temperature updated to: 22,42 °C
2025-05-10 00:03:46 INFO  Temperature Sensor:28 - Responding to AC's request
2025-05-10 00:03:47 INFO  Temperature Sensor:28 - Responding to AC's request
2025-05-10 00:03:48 INFO  Temperature Sensor:28 - Responding to AC's request
2025-05-10 00:03:49 INFO  Temperature Sensor:28 - Responding to AC's request
2025-05-10 00:03:50 INFO  Temperature Sensor:28 - Responding to AC's request
2025-05-10 00:03:51 INFO  Temperature Sensor:28 - Responding to AC's request
2025-05-10 00:03:52 INFO  Temperature Sensor:28 - Responding to AC's request
2025-05-10 00:03:53 INFO  Temperature Sensor:28 - Responding to AC's request
2025-05-10 00:03:54 INFO  Temperature Sensor:28 - Responding to AC's request
2025-05-10 00:03:55 INFO  EnvironmentService:62 - Human entered the kitchen
2025-05-10 00:03:55 INFO  Temperature Sensor:28 - Responding to AC's request
2025-05-10 00:03:55 INFO  Motion Sensor:62 - I have been triggered!
2025-05-10 00:03:56 INFO  EnvironmentService:62 - Human left the kitchen
2025-05-10 00:03:56 INFO  Motion Sensor:62 - I have been triggered!
2025-05-10 00:03:56 INFO  Temperature Sensor:28 - Responding to AC's request
2025-05-10 00:03:57 INFO  Temperature Sensor:28 - Responding to AC's request
2025-05-10 00:03:58 INFO  Temperature Sensor:28 - Responding to AC's request
2025-05-10 00:03:59 INFO  Temperature Sensor:28 - Responding to AC's request
2025-05-10 00:04:00 INFO  Temperature Sensor:28 - Responding to AC's request
2025-05-10 00:04:01 INFO  EnvironmentService:62 - Human entered the kitchen
2025-05-10 00:04:01 INFO  Motion Sensor:62 - I have been triggered!
2025-05-10 00:04:01 INFO  Temperature Sensor:28 - Responding to AC's request
2025-05-10 00:04:02 INFO  Temperature Sensor:28 - Responding to AC's request
2025-05-10 00:04:02 INFO  AC:49 - Finished cooling
2025-05-10 00:04:05 INFO  Temperature Sensor:28 - Responding to AC's request
2025-05-10 00:04:12 INFO  EnvironmentService:57 - Kitchen temperature updated to: 23,55 °C
2025-05-10 00:04:15 INFO  Temperature Sensor:28 - Responding to AC's request
2025-05-10 00:04:15 INFO  ScheduleLoopBehaviour:74 - Kitchen temperature updated to: 24,62 °C
2025-05-10 00:04:16 INFO  Temperature Sensor:28 - Responding to AC's request
2025-05-10 00:04:17 INFO  Temperature Sensor:28 - Responding to AC's request
2025-05-10 00:04:18 INFO  Temperature Sensor:28 - Responding to AC's request
2025-05-10 00:04:19 INFO  Temperature Sensor:28 - Responding to AC's request
2025-05-10 00:04:20 INFO  EnvironmentService:62 - Human left the kitchen
2025-05-10 00:04:20 INFO  Motion Sensor:62 - I have been triggered!
2025-05-10 00:04:20 INFO  Temperature Sensor:28 - Responding to AC's request
2025-05-10 00:04:21 INFO  Temperature Sensor:28 - Responding to AC's request
2025-05-10 00:04:22 INFO  Temperature Sensor:28 - Responding to AC's request
2025-05-10 00:04:23 INFO  Temperature Sensor:28 - Responding to AC's request
2025-05-10 00:04:24 INFO  Temperature Sensor:28 - Responding to AC's request
2025-05-10 00:04:25 INFO  Temperature Sensor:28 - Responding to AC's request
2025-05-10 00:04:26 INFO  Temperature Sensor:28 - Responding to AC's request
2025-05-10 00:04:27 INFO  Temperature Sensor:28 - Responding to AC's request
2025-05-10 00:04:28 INFO  Temperature Sensor:28 - Responding to AC's request
2025-05-10 00:04:29 INFO  Temperature Sensor:28 - Responding to AC's request
2025-05-10 00:04:30 INFO  Temperature Sensor:28 - Responding to AC's request
2025-05-10 00:04:31 INFO  Temperature Sensor:28 - Responding to AC's request
2025-05-10 00:04:32 INFO  EnvironmentService:62 - Human entered the kitchen
2025-05-10 00:04:32 INFO  Motion Sensor:62 - I have been triggered!
2025-05-10 00:04:32 INFO  Temperature Sensor:28 - Responding to AC's request
2025-05-10 00:04:33 INFO  Temperature Sensor:28 - Responding to AC's request
2025-05-10 00:04:34 INFO  Temperature Sensor:28 - Responding to AC's request
2025-05-10 00:04:35 INFO  Temperature Sensor:28 - Responding to AC's request
2025-05-10 00:04:36 INFO  Temperature Sensor:28 - Responding to AC's request
2025-05-10 00:04:37 INFO  EnvironmentService:62 - Human left the kitchen
2025-05-10 00:04:37 INFO  Motion Sensor:62 - I have been triggered!
2025-05-10 00:04:37 INFO  Temperature Sensor:28 - Responding to AC's request
2025-05-10 00:04:38 INFO  Temperature Sensor:28 - Responding to AC's request
2025-05-10 00:04:39 INFO  Temperature Sensor:28 - Responding to AC's request
2025-05-10 00:04:40 INFO  EnvironmentService:62 - Human entered the kitchen
2025-05-10 00:04:40 INFO  Motion Sensor:62 - I have been triggered!
2025-05-10 00:04:40 INFO  Temperature Sensor:28 - Responding to AC's request
2025-05-10 00:04:41 INFO  Temperature Sensor:28 - Responding to AC's request
2025-05-10 00:04:41 INFO  AC:49 - Finished cooling
2025-05-10 00:04:42 INFO  EnvironmentService:57 - Kitchen temperature updated to: 21,74 °C
2025-05-10 00:04:45 INFO  Temperature Sensor:28 - Responding to AC's request
2025-05-10 00:04:45 INFO  ScheduleLoopBehaviour:74 - Kitchen temperature updated to: 25,65 °C
2025-05-10 00:04:46 INFO  Temperature Sensor:28 - Responding to AC's request
2025-05-10 00:04:47 INFO  Temperature Sensor:28 - Responding to AC's request
2025-05-10 00:04:48 INFO  Temperature Sensor:28 - Responding to AC's request
2025-05-10 00:04:49 INFO  EnvironmentService:62 - Human left the kitchen
2025-05-10 00:04:49 INFO  Temperature Sensor:28 - Responding to AC's request
2025-05-10 00:04:49 INFO  Motion Sensor:62 - I have been triggered!
2025-05-10 00:04:50 INFO  Temperature Sensor:28 - Responding to AC's request
2025-05-10 00:04:51 INFO  Temperature Sensor:28 - Responding to AC's request
2025-05-10 00:04:52 INFO  Temperature Sensor:28 - Responding to AC's request
2025-05-10 00:04:53 INFO  Temperature Sensor:28 - Responding to AC's request
2025-05-10 00:04:53 INFO  AC:49 - Finished cooling
2025-05-10 00:04:55 INFO  Temperature Sensor:28 - Responding to AC's request
2025-05-10 00:04:56 INFO  EnvironmentService:62 - Human entered the kitchen
2025-05-10 00:04:56 INFO  Motion Sensor:62 - I have been triggered!
2025-05-10 00:04:58 INFO  EnvironmentService:62 - Human left the kitchen
2025-05-10 00:04:58 INFO  Motion Sensor:62 - I have been triggered!
2025-05-10 00:05:05 INFO  Temperature Sensor:28 - Responding to AC's request
2025-05-10 00:05:06 INFO  EnvironmentService:62 - Human entered the kitchen
2025-05-10 00:05:06 INFO  Motion Sensor:62 - I have been triggered!
2025-05-10 00:05:10 INFO  EnvironmentService:62 - Human left the kitchen
2025-05-10 00:05:10 INFO  Motion Sensor:62 - I have been triggered!
2025-05-10 00:05:12 INFO  EnvironmentService:57 - Kitchen temperature updated to: 24,36 °C
2025-05-10 00:05:12 INFO  EnvironmentService:62 - Human entered the kitchen
2025-05-10 00:05:12 INFO  Motion Sensor:62 - I have been triggered!
2025-05-10 00:05:15 INFO  ScheduleLoopBehaviour:74 - Kitchen temperature updated to: 25,38 °C
2025-05-10 00:05:15 INFO  Temperature Sensor:28 - Responding to AC's request
2025-05-10 00:05:16 INFO  Temperature Sensor:28 - Responding to AC's request
2025-05-10 00:05:17 INFO  EnvironmentService:62 - Human left the kitchen
2025-05-10 00:05:17 INFO  Motion Sensor:62 - I have been triggered!
2025-05-10 00:05:17 INFO  Temperature Sensor:28 - Responding to AC's request
2025-05-10 00:05:17 INFO  GracefulShutdown:54 - Commencing graceful shutdown. Waiting for active requests to complete
2025-05-10 00:05:17 INFO  GracefulShutdown:76 - Graceful shutdown complete
2025-05-10 00:05:19 INFO  Application:53 - Starting Application using Java 23.0.2 with PID 31776 (C:\Users\YouRekt\Desktop\Projects\ASaA\SmartHomeTest\target\classes started by YouRekt in C:\Users\YouRekt\Desktop\Projects\ASaA\SmartHomeTest)
2025-05-10 00:05:19 INFO  Application:652 - No active profile set, falling back to 1 default profile: "default"
2025-05-10 00:05:20 INFO  TomcatWebServer:111 - Tomcat initialized with port 8080 (http)
2025-05-10 00:05:20 INFO  Http11NioProtocol:168 - Initializing ProtocolHandler ["http-nio-8080"]
2025-05-10 00:05:20 INFO  StandardService:168 - Starting service [Tomcat]
2025-05-10 00:05:20 INFO  StandardEngine:168 - Starting Servlet engine: [Apache Tomcat/10.1.40]
2025-05-10 00:05:20 INFO  [/]:168 - Initializing Spring embedded WebApplicationContext
2025-05-10 00:05:20 INFO  ServletWebServerApplicationContext:301 - Root WebApplicationContext: initialization completed in 631 ms
2025-05-10 00:05:20 INFO  EndpointLinksResolver:60 - Exposing 1 endpoint beneath base path '/actuator'
2025-05-10 00:05:20 INFO  Http11NioProtocol:168 - Starting ProtocolHandler ["http-nio-8080"]
2025-05-10 00:05:20 INFO  TomcatWebServer:243 - Tomcat started on port 8080 (http) with context path '/'
2025-05-10 00:05:20 INFO  Application:59 - Started Application in 1.31 seconds (process running for 1.943)
2025-05-10 00:05:20 INFO  [/]:168 - Initializing Spring DispatcherServlet 'dispatcherServlet'
2025-05-10 00:05:20 INFO  DispatcherServlet:532 - Initializing Servlet 'dispatcherServlet'
2025-05-10 00:05:20 INFO  DispatcherServlet:554 - Completed initialization in 0 ms
2025-05-10 00:05:26 INFO  Runtime:243 - ----------------------------------
    This is JADE 4.6.0  - revision UNKNOWN of UNKNOWN
    downloaded in Open Source, under LGPL restrictions,
    at http://jade.tilab.com/
----------------------------------------
2025-05-10 00:05:26 INFO  LEAPIMTPManager:149 - Listening for intra-platform commands on address:
- jicp://192.168.0.30:1099

2025-05-10 00:05:26 INFO  AgentManagement:59 - Service jade.core.management.AgentManagement initialized
2025-05-10 00:05:26 INFO  Messaging:59 - Service jade.core.messaging.Messaging initialized
2025-05-10 00:05:26 INFO  ResourceManagement:59 - Service jade.core.resource.ResourceManagement initialized
2025-05-10 00:05:26 INFO  AgentMobility:59 - Service jade.core.mobility.AgentMobility initialized
2025-05-10 00:05:26 INFO  Notification:59 - Service jade.core.event.Notification initialized
2025-05-10 00:05:26 INFO  AgentContainerImpl:543 - --------------------------------------
Agent container Main-Container@192.168.0.30 is ready.
--------------------------------------------
2025-05-10 00:05:26 INFO  Coordinator:28 - Initialized
2025-05-10 00:05:26 INFO  Scheduler:27 - Initialized
2025-05-10 00:05:26 INFO  Smart Lightbulb:31 - Initialized in area: kitchen
2025-05-10 00:05:26 INFO  Temperature Sensor:31 - Initialized in area: kitchen
2025-05-10 00:05:26 INFO  Motion Sensor:31 - Initialized in area: kitchen
2025-05-10 00:05:26 INFO  AC:31 - Initialized in area: kitchen
2025-05-10 00:05:26 INFO  EnvironmentService:62 - Human entered the kitchen
2025-05-10 00:05:28 INFO  Scheduler:42 - Found coordinator agent Coordinator
2025-05-10 00:05:31 INFO  EnvironmentService:62 - Human left the kitchen
2025-05-10 00:05:31 INFO  Motion Sensor:62 - I have been triggered!
2025-05-10 00:05:36 INFO  Temperature Sensor:28 - Responding to AC's request
2025-05-10 00:05:41 INFO  EnvironmentService:62 - Human entered the kitchen
2025-05-10 00:05:41 INFO  Motion Sensor:62 - I have been triggered!
2025-05-10 00:05:46 INFO  Temperature Sensor:28 - Responding to AC's request
2025-05-10 00:05:50 INFO  EnvironmentService:57 - Kitchen temperature updated to: 25,47 °C
2025-05-10 00:05:54 INFO  EnvironmentService:62 - Human left the kitchen
2025-05-10 00:05:54 INFO  Motion Sensor:62 - I have been triggered!
2025-05-10 00:05:56 INFO  Temperature Sensor:28 - Responding to AC's request
2025-05-10 00:05:56 INFO  ScheduleLoopBehaviour:74 - Kitchen temperature updated to: 24,00 °C
2025-05-10 00:05:57 INFO  Temperature Sensor:28 - Responding to AC's request
2025-05-10 00:05:58 INFO  Temperature Sensor:28 - Responding to AC's request
2025-05-10 00:05:59 INFO  Temperature Sensor:28 - Responding to AC's request
2025-05-10 00:06:00 INFO  Temperature Sensor:28 - Responding to AC's request
2025-05-10 00:06:01 INFO  Temperature Sensor:28 - Responding to AC's request
2025-05-10 00:06:02 INFO  Temperature Sensor:28 - Responding to AC's request
2025-05-10 00:06:03 INFO  EnvironmentService:62 - Human entered the kitchen
2025-05-10 00:06:03 INFO  Motion Sensor:62 - I have been triggered!
2025-05-10 00:06:03 INFO  Temperature Sensor:28 - Responding to AC's request
2025-05-10 00:06:04 INFO  Temperature Sensor:28 - Responding to AC's request
2025-05-10 00:06:05 INFO  Temperature Sensor:28 - Responding to AC's request
2025-05-10 00:06:06 INFO  Temperature Sensor:28 - Responding to AC's request
2025-05-10 00:06:07 INFO  Temperature Sensor:28 - Responding to AC's request
2025-05-10 00:06:08 INFO  Temperature Sensor:28 - Responding to AC's request
2025-05-10 00:06:09 INFO  Temperature Sensor:28 - Responding to AC's request
2025-05-10 00:06:10 INFO  Temperature Sensor:28 - Responding to AC's request
2025-05-10 00:06:11 INFO  Temperature Sensor:28 - Responding to AC's request
2025-05-10 00:06:12 INFO  Temperature Sensor:28 - Responding to AC's request
2025-05-10 00:06:13 INFO  Temperature Sensor:28 - Responding to AC's request
2025-05-10 00:06:14 INFO  Temperature Sensor:28 - Responding to AC's request
2025-05-10 00:06:15 INFO  Temperature Sensor:28 - Responding to AC's request
2025-05-10 00:06:16 INFO  Temperature Sensor:28 - Responding to AC's request
2025-05-10 00:06:17 INFO  Temperature Sensor:28 - Responding to AC's request
2025-05-10 00:06:18 INFO  Temperature Sensor:28 - Responding to AC's request
2025-05-10 00:06:19 INFO  Temperature Sensor:28 - Responding to AC's request
2025-05-10 00:06:20 INFO  EnvironmentService:57 - Kitchen temperature updated to: 22,95 °C
2025-05-10 00:06:20 INFO  EnvironmentService:62 - Human left the kitchen
2025-05-10 00:06:20 INFO  Motion Sensor:62 - I have been triggered!
2025-05-10 00:06:20 INFO  Temperature Sensor:28 - Responding to AC's request
2025-05-10 00:06:21 INFO  Temperature Sensor:28 - Responding to AC's request
2025-05-10 00:06:22 INFO  Temperature Sensor:28 - Responding to AC's request
2025-05-10 00:06:23 INFO  Temperature Sensor:28 - Responding to AC's request
2025-05-10 00:06:24 INFO  EnvironmentService:62 - Human entered the kitchen
2025-05-10 00:06:24 INFO  Temperature Sensor:28 - Responding to AC's request
2025-05-10 00:06:24 INFO  Motion Sensor:62 - I have been triggered!
2025-05-10 00:06:25 INFO  Temperature Sensor:28 - Responding to AC's request
2025-05-10 00:06:26 INFO  Temperature Sensor:28 - Responding to AC's request
2025-05-10 00:06:26 INFO  ScheduleLoopBehaviour:74 - Kitchen temperature updated to: 25,89 °C
2025-05-10 00:06:27 INFO  Temperature Sensor:28 - Responding to AC's request
2025-05-10 00:06:28 INFO  Temperature Sensor:28 - Responding to AC's request
2025-05-10 00:06:29 INFO  Temperature Sensor:28 - Responding to AC's request
2025-05-10 00:06:30 INFO  Temperature Sensor:28 - Responding to AC's request
2025-05-10 00:06:31 INFO  Temperature Sensor:28 - Responding to AC's request
2025-05-10 00:06:32 INFO  Temperature Sensor:28 - Responding to AC's request
2025-05-10 00:06:33 INFO  Temperature Sensor:28 - Responding to AC's request
2025-05-10 00:06:34 INFO  Temperature Sensor:28 - Responding to AC's request
2025-05-10 00:06:35 INFO  Temperature Sensor:28 - Responding to AC's request
2025-05-10 00:06:36 INFO  Temperature Sensor:28 - Responding to AC's request
2025-05-10 00:06:37 INFO  Temperature Sensor:28 - Responding to AC's request
2025-05-10 00:06:38 INFO  Temperature Sensor:28 - Responding to AC's request
2025-05-10 00:06:39 INFO  Temperature Sensor:28 - Responding to AC's request
2025-05-10 00:06:40 INFO  Temperature Sensor:28 - Responding to AC's request
2025-05-10 00:06:41 INFO  Temperature Sensor:28 - Responding to AC's request
2025-05-10 00:06:41 INFO  AC:49 - Finished cooling
2025-05-10 00:06:46 INFO  Temperature Sensor:28 - Responding to AC's request
2025-05-10 00:06:49 INFO  EnvironmentService:62 - Human left the kitchen
2025-05-10 00:06:49 INFO  Motion Sensor:62 - I have been triggered!
2025-05-10 00:06:50 INFO  EnvironmentService:57 - Kitchen temperature updated to: 24,98 °C
2025-05-10 00:06:56 INFO  Temperature Sensor:28 - Responding to AC's request
2025-05-10 00:06:57 INFO  ScheduleLoopBehaviour:74 - Kitchen temperature updated to: 21,42 °C
2025-05-10 00:06:57 INFO  Temperature Sensor:28 - Responding to AC's request
2025-05-10 00:06:58 INFO  Temperature Sensor:28 - Responding to AC's request
2025-05-10 00:06:59 INFO  Temperature Sensor:28 - Responding to AC's request
2025-05-10 00:07:00 INFO  Temperature Sensor:28 - Responding to AC's request
2025-05-10 00:07:01 INFO  Temperature Sensor:28 - Responding to AC's request
2025-05-10 00:07:02 INFO  Temperature Sensor:28 - Responding to AC's request
2025-05-10 00:07:03 INFO  Temperature Sensor:28 - Responding to AC's request
2025-05-10 00:07:04 INFO  Temperature Sensor:28 - Responding to AC's request
2025-05-10 00:07:05 INFO  EnvironmentService:62 - Human entered the kitchen
2025-05-10 00:07:05 INFO  Temperature Sensor:28 - Responding to AC's request
2025-05-10 00:07:05 INFO  Motion Sensor:62 - I have been triggered!
2025-05-10 00:07:06 INFO  Temperature Sensor:28 - Responding to AC's request
2025-05-10 00:07:07 INFO  Temperature Sensor:28 - Responding to AC's request
2025-05-10 00:07:08 INFO  Temperature Sensor:28 - Responding to AC's request
2025-05-10 00:07:09 INFO  Temperature Sensor:28 - Responding to AC's request
2025-05-10 00:07:10 INFO  EnvironmentService:62 - Human left the kitchen
2025-05-10 00:07:10 INFO  Temperature Sensor:28 - Responding to AC's request
2025-05-10 00:07:10 INFO  Motion Sensor:62 - I have been triggered!
2025-05-10 00:07:11 INFO  EnvironmentService:62 - Human entered the kitchen
2025-05-10 00:07:11 INFO  Motion Sensor:62 - I have been triggered!
2025-05-10 00:07:11 INFO  Temperature Sensor:28 - Responding to AC's request
2025-05-10 00:07:12 INFO  Temperature Sensor:28 - Responding to AC's request
2025-05-10 00:07:13 INFO  Temperature Sensor:28 - Responding to AC's request
2025-05-10 00:07:14 INFO  Temperature Sensor:28 - Responding to AC's request
2025-05-10 00:07:15 INFO  Temperature Sensor:28 - Responding to AC's request
2025-05-10 00:07:16 INFO  Temperature Sensor:28 - Responding to AC's request
2025-05-10 00:07:17 INFO  Temperature Sensor:28 - Responding to AC's request
2025-05-10 00:07:18 INFO  Temperature Sensor:28 - Responding to AC's request
2025-05-10 00:07:19 INFO  Temperature Sensor:28 - Responding to AC's request
2025-05-10 00:07:20 INFO  EnvironmentService:57 - Kitchen temperature updated to: 24,08 °C
2025-05-10 00:07:20 INFO  Temperature Sensor:28 - Responding to AC's request
2025-05-10 00:07:21 INFO  EnvironmentService:62 - Human left the kitchen
2025-05-10 00:07:21 INFO  Motion Sensor:62 - I have been triggered!
2025-05-10 00:07:21 INFO  Temperature Sensor:28 - Responding to AC's request
2025-05-10 00:07:22 INFO  Temperature Sensor:28 - Responding to AC's request
2025-05-10 00:07:23 INFO  Temperature Sensor:28 - Responding to AC's request
2025-05-10 00:07:24 INFO  Temperature Sensor:28 - Responding to AC's request
2025-05-10 00:07:25 INFO  Temperature Sensor:28 - Responding to AC's request
2025-05-10 00:07:26 INFO  Temperature Sensor:28 - Responding to AC's request
2025-05-10 00:07:27 INFO  ScheduleLoopBehaviour:74 - Kitchen temperature updated to: 24,66 °C
2025-05-10 00:07:27 INFO  Temperature Sensor:28 - Responding to AC's request
2025-05-10 00:07:28 INFO  Temperature Sensor:28 - Responding to AC's request
2025-05-10 00:07:29 INFO  Temperature Sensor:28 - Responding to AC's request
2025-05-10 00:07:30 INFO  Temperature Sensor:28 - Responding to AC's request
2025-05-10 00:07:31 INFO  Temperature Sensor:28 - Responding to AC's request
2025-05-10 00:07:31 INFO  GracefulShutdown:54 - Commencing graceful shutdown. Waiting for active requests to complete
2025-05-10 00:07:31 INFO  GracefulShutdown:76 - Graceful shutdown complete
2025-05-10 00:07:37 INFO  Application:53 - Starting Application using Java 23.0.2 with PID 50232 (C:\Users\YouRekt\Desktop\Projects\ASaA\SmartHomeTest\target\classes started by YouRekt in C:\Users\YouRekt\Desktop\Projects\ASaA\SmartHomeTest)
2025-05-10 00:07:37 INFO  Application:652 - No active profile set, falling back to 1 default profile: "default"
2025-05-10 00:07:38 INFO  TomcatWebServer:111 - Tomcat initialized with port 8080 (http)
2025-05-10 00:07:38 INFO  Http11NioProtocol:168 - Initializing ProtocolHandler ["http-nio-8080"]
2025-05-10 00:07:38 INFO  StandardService:168 - Starting service [Tomcat]
2025-05-10 00:07:38 INFO  StandardEngine:168 - Starting Servlet engine: [Apache Tomcat/10.1.40]
2025-05-10 00:07:38 INFO  [/]:168 - Initializing Spring embedded WebApplicationContext
2025-05-10 00:07:38 INFO  ServletWebServerApplicationContext:301 - Root WebApplicationContext: initialization completed in 666 ms
2025-05-10 00:07:38 INFO  EndpointLinksResolver:60 - Exposing 1 endpoint beneath base path '/actuator'
2025-05-10 00:07:38 INFO  Http11NioProtocol:168 - Starting ProtocolHandler ["http-nio-8080"]
2025-05-10 00:07:38 INFO  TomcatWebServer:243 - Tomcat started on port 8080 (http) with context path '/'
2025-05-10 00:07:38 INFO  Application:59 - Started Application in 1.37 seconds (process running for 2.055)
2025-05-10 00:07:38 INFO  [/]:168 - Initializing Spring DispatcherServlet 'dispatcherServlet'
2025-05-10 00:07:38 INFO  DispatcherServlet:532 - Initializing Servlet 'dispatcherServlet'
2025-05-10 00:07:38 INFO  DispatcherServlet:554 - Completed initialization in 1 ms
2025-05-10 00:07:42 INFO  Runtime:243 - ----------------------------------
    This is JADE 4.6.0  - revision UNKNOWN of UNKNOWN
    downloaded in Open Source, under LGPL restrictions,
    at http://jade.tilab.com/
----------------------------------------
2025-05-10 00:07:43 INFO  LEAPIMTPManager:149 - Listening for intra-platform commands on address:
- jicp://192.168.0.30:1099

2025-05-10 00:07:43 INFO  AgentManagement:59 - Service jade.core.management.AgentManagement initialized
2025-05-10 00:07:43 INFO  Messaging:59 - Service jade.core.messaging.Messaging initialized
2025-05-10 00:07:43 INFO  ResourceManagement:59 - Service jade.core.resource.ResourceManagement initialized
2025-05-10 00:07:43 INFO  AgentMobility:59 - Service jade.core.mobility.AgentMobility initialized
2025-05-10 00:07:43 INFO  Notification:59 - Service jade.core.event.Notification initialized
2025-05-10 00:07:43 INFO  AgentContainerImpl:543 - --------------------------------------
Agent container Main-Container@192.168.0.30 is ready.
--------------------------------------------
2025-05-10 00:07:43 INFO  Coordinator:28 - Initialized
2025-05-10 00:07:43 INFO  Scheduler:27 - Initialized
2025-05-10 00:07:43 INFO  AC:31 - Initialized in area: kitchen
2025-05-10 00:07:43 INFO  Smart Lightbulb:31 - Initialized in area: kitchen
2025-05-10 00:07:43 INFO  Temperature Sensor:31 - Initialized in area: kitchen
2025-05-10 00:07:43 INFO  Motion Sensor:31 - Initialized in area: kitchen
2025-05-10 00:07:45 INFO  Scheduler:42 - Found coordinator agent Coordinator
2025-05-10 00:07:53 INFO  Temperature Sensor:28 - Responding to AC's request
2025-05-10 00:07:54 INFO  GracefulShutdown:54 - Commencing graceful shutdown. Waiting for active requests to complete
2025-05-10 00:07:54 INFO  GracefulShutdown:76 - Graceful shutdown complete
2025-05-10 00:08:49 INFO  Application:53 - Starting Application using Java 23.0.2 with PID 36740 (C:\Users\YouRekt\Desktop\Projects\ASaA\SmartHomeTest\target\classes started by YouRekt in C:\Users\YouRekt\Desktop\Projects\ASaA\SmartHomeTest)
2025-05-10 00:08:49 INFO  Application:652 - No active profile set, falling back to 1 default profile: "default"
2025-05-10 00:08:49 INFO  TomcatWebServer:111 - Tomcat initialized with port 8080 (http)
2025-05-10 00:08:49 INFO  Http11NioProtocol:168 - Initializing ProtocolHandler ["http-nio-8080"]
2025-05-10 00:08:49 INFO  StandardService:168 - Starting service [Tomcat]
2025-05-10 00:08:49 INFO  StandardEngine:168 - Starting Servlet engine: [Apache Tomcat/10.1.40]
2025-05-10 00:08:49 INFO  [/]:168 - Initializing Spring embedded WebApplicationContext
2025-05-10 00:08:49 INFO  ServletWebServerApplicationContext:301 - Root WebApplicationContext: initialization completed in 637 ms
2025-05-10 00:08:50 INFO  EndpointLinksResolver:60 - Exposing 1 endpoint beneath base path '/actuator'
2025-05-10 00:08:50 INFO  Http11NioProtocol:168 - Starting ProtocolHandler ["http-nio-8080"]
2025-05-10 00:08:50 INFO  TomcatWebServer:243 - Tomcat started on port 8080 (http) with context path '/'
2025-05-10 00:08:50 INFO  Application:59 - Started Application in 1.303 seconds (process running for 1.946)
2025-05-10 00:08:50 INFO  [/]:168 - Initializing Spring DispatcherServlet 'dispatcherServlet'
2025-05-10 00:08:50 INFO  DispatcherServlet:532 - Initializing Servlet 'dispatcherServlet'
2025-05-10 00:08:50 INFO  DispatcherServlet:554 - Completed initialization in 1 ms
2025-05-10 00:08:52 INFO  GracefulShutdown:54 - Commencing graceful shutdown. Waiting for active requests to complete
2025-05-10 00:08:52 INFO  GracefulShutdown:76 - Graceful shutdown complete
